<?xml version="1.0" encoding="UTF-8"?>
<testng-results ignored="0" total="4" passed="4" failed="0" skipped="0">
  <reporter-output>
  </reporter-output>
  <suite started-at="2020-02-27T18:43:02 IST" name="Suite" finished-at="2020-02-27T18:44:32 IST" duration-ms="90159">
    <groups>
    </groups>
    <test started-at="2020-02-27T18:43:02 IST" name="Test" finished-at="2020-02-27T18:43:27 IST" duration-ms="25516">
      <class name="Academy.Login">
        <test-method is-config="true" signature="initalise()[pri:0, instance:Academy.Login@3541cb24]" started-at="2020-02-27T18:43:02 IST" name="initalise" finished-at="2020-02-27T18:43:14 IST" duration-ms="12079" status="PASS">
          <reporter-output>
          </reporter-output>
        </test-method> <!-- initalise -->
        <test-method signature="basepagenavigation()[pri:0, instance:Academy.Login@3541cb24]" started-at="2020-02-27T18:43:14 IST" name="basepagenavigation" finished-at="2020-02-27T18:43:25 IST" duration-ms="11489" status="PASS">
          <reporter-output>
          </reporter-output>
        </test-method> <!-- basepagenavigation -->
        <test-method is-config="true" signature="teardown()[pri:0, instance:Academy.Login@3541cb24]" started-at="2020-02-27T18:43:25 IST" name="teardown" finished-at="2020-02-27T18:43:27 IST" duration-ms="1666" status="PASS">
          <reporter-output>
          </reporter-output>
        </test-method> <!-- teardown -->
      </class> <!-- Academy.Login -->
    </test> <!-- Test -->
    <test started-at="2020-02-27T18:43:27 IST" name="Testregisteration" finished-at="2020-02-27T18:43:45 IST" duration-ms="17801">
      <class name="Academy.TC_registr_001">
        <test-method is-config="true" signature="initalise()[pri:0, instance:Academy.TC_registr_001@2e55dd0c]" started-at="2020-02-27T18:43:27 IST" name="initalise" finished-at="2020-02-27T18:43:32 IST" duration-ms="4426" status="PASS">
          <reporter-output>
          </reporter-output>
        </test-method> <!-- initalise -->
        <test-method signature="validateregistration()[pri:0, instance:Academy.TC_registr_001@2e55dd0c]" started-at="2020-02-27T18:43:32 IST" name="validateregistration" finished-at="2020-02-27T18:43:44 IST" duration-ms="11888" status="PASS">
          <reporter-output>
          </reporter-output>
        </test-method> <!-- validateregistration -->
        <test-method is-config="true" signature="teardown()[pri:0, instance:Academy.TC_registr_001@2e55dd0c]" started-at="2020-02-27T18:43:44 IST" name="teardown" finished-at="2020-02-27T18:43:45 IST" duration-ms="1474" status="PASS">
          <reporter-output>
          </reporter-output>
        </test-method> <!-- teardown -->
      </class> <!-- Academy.TC_registr_001 -->
    </test> <!-- Testregisteration -->
    <test started-at="2020-02-27T18:43:45 IST" name="Testalert" finished-at="2020-02-27T18:44:08 IST" duration-ms="23310">
      <class name="Academy.TC_alert_001">
        <test-method is-config="true" signature="initalise()[pri:0, instance:Academy.TC_alert_001@1eb5174b]" started-at="2020-02-27T18:43:45 IST" name="initalise" finished-at="2020-02-27T18:43:50 IST" duration-ms="4450" status="PASS">
          <reporter-output>
          </reporter-output>
        </test-method> <!-- initalise -->
        <test-method signature="checkingalertbtn()[pri:0, instance:Academy.TC_alert_001@1eb5174b]" started-at="2020-02-27T18:43:50 IST" name="checkingalertbtn" finished-at="2020-02-27T18:44:07 IST" duration-ms="17173" status="PASS">
          <reporter-output>
          </reporter-output>
        </test-method> <!-- checkingalertbtn -->
        <test-method is-config="true" signature="teardown()[pri:0, instance:Academy.TC_alert_001@1eb5174b]" started-at="2020-02-27T18:44:07 IST" name="teardown" finished-at="2020-02-27T18:44:08 IST" duration-ms="1675" status="PASS">
          <reporter-output>
          </reporter-output>
        </test-method> <!-- teardown -->
      </class> <!-- Academy.TC_alert_001 -->
    </test> <!-- Testalert -->
    <test started-at="2020-02-27T18:44:08 IST" name="Testframes" finished-at="2020-02-27T18:44:25 IST" duration-ms="16805">
      <class name="Academy.TC_Frames_001">
        <test-method is-config="true" signature="initalise()[pri:0, instance:Academy.TC_Frames_001@29e495ff]" started-at="2020-02-27T18:44:08 IST" name="initalise" finished-at="2020-02-27T18:44:13 IST" duration-ms="4486" status="PASS">
          <reporter-output>
          </reporter-output>
        </test-method> <!-- initalise -->
        <test-method signature="framechecking()[pri:0, instance:Academy.TC_Frames_001@29e495ff]" started-at="2020-02-27T18:44:13 IST" name="framechecking" finished-at="2020-02-27T18:44:24 IST" duration-ms="10733" status="PASS">
          <reporter-output>
          </reporter-output>
        </test-method> <!-- framechecking -->
        <test-method is-config="true" signature="teardown()[pri:0, instance:Academy.TC_Frames_001@29e495ff]" started-at="2020-02-27T18:44:24 IST" name="teardown" finished-at="2020-02-27T18:44:25 IST" duration-ms="1582" status="PASS">
          <reporter-output>
          </reporter-output>
        </test-method> <!-- teardown -->
      </class> <!-- Academy.TC_Frames_001 -->
    </test> <!-- Testframes -->
    <test started-at="2020-02-27T18:44:25 IST" name="Testwid" finished-at="2020-02-27T18:44:32 IST" duration-ms="6474">
      <class name="Academy.TC_Widgets_001">
        <test-method is-config="true" signature="initalise()[pri:0, instance:Academy.TC_Widgets_001@41fecb8b]" started-at="2020-02-27T18:44:25 IST" name="initalise" finished-at="2020-02-27T18:44:30 IST" duration-ms="4452" status="PASS">
          <reporter-output>
          </reporter-output>
        </test-method> <!-- initalise -->
        <test-method is-config="true" signature="teardown()[pri:0, instance:Academy.TC_Widgets_001@41fecb8b]" started-at="2020-02-27T18:44:30 IST" name="teardown" finished-at="2020-02-27T18:44:32 IST" duration-ms="2022" status="PASS">
          <reporter-output>
          </reporter-output>
        </test-method> <!-- teardown -->
      </class> <!-- Academy.TC_Widgets_001 -->
    </test> <!-- Testwid -->
  </suite> <!-- Suite -->
</testng-results>
